<?xml version="1.0" encoding="UTF-8"?>
<testsuite xmlns:xsi="http://www.w3.org/2001/XMLSchema-instance" xsi:noNamespaceSchemaLocation="https://maven.apache.org/surefire/maven-surefire-plugin/xsd/surefire-test-report.xsd" name="fit5171.monash.edu.PassengerTest" time="0.043" tests="3" errors="0" skipped="0" failures="0">
  <properties>
[...]
</properties>
  <testcase name="testGetEmail" classname="fit5171.monash.edu.PassengerTest" time="0.028"/>
  <testcase name="testSetEmailValid" classname="fit5171.monash.edu.PassengerTest" time="0"/>
  <testcase name="testSetEmailInvalid" classname="fit5171.monash.edu.PassengerTest" time="0.003"/>
</testsuite>